<?xml version="1.0" encoding="UTF-8"?>
<!-- Generated by org.testng.reporters.JUnitReportReporter -->
<testsuite hostname="DESKTOP-QEJ80RJ" failures="0" tests="1" name="com.inetbanking.testcases.TC_LoginTest_001" time="5.500" errors="0" timestamp="2023-05-24T14:44:51 IST" skipped="0">
  <testcase classname="com.inetbanking.testcases.TC_LoginTest_001" name="logintest" time="5.500"/>
  <system-out/>
</testsuite> <!-- com.inetbanking.testcases.TC_LoginTest_001 -->
