<?xml version="1.0" encoding="UTF-8"?>
<!-- Generated by org.testng.reporters.JUnitReportReporter -->
<testsuite hostname="DESKTOP-QEJ80RJ" failures="0" tests="1" name="com.inetbanking.testcases.TC_LoginTest_001" time="10.803" errors="0" timestamp="2023-05-23T21:57:35 IST" skipped="0">
  <testcase classname="com.inetbanking.testcases.TC_LoginTest_001" name="logintest" time="10.803"/>
  <system-out/>
</testsuite> <!-- com.inetbanking.testcases.TC_LoginTest_001 -->
